2025-01-18 20:03:57 [main] INFO  org.example.Bank - Повідомлення lof4j2 з main
2025-01-18 20:05:36 [main] INFO  org.example.Bank - Повідомлення lof4j2 з ифшт
2025-01-18 20:11:23 [main] INFO  org.example.Bank - Повідомлення lof4j2 з ифшт
2025-01-18 20:18:27 [main] INFO  org.example.Bank - Starting Bank application
2025-01-18 20:18:27 [main] INFO  org.example.Customer - Logging from Customer class
2025-01-18 20:18:27 [main] INFO  org.example.Bank - Created customer: Customer [name=John Doe, id=C001]
2025-01-18 20:18:27 [main] INFO  org.example.Account - Logging from Account class
2025-01-18 20:18:27 [main] INFO  org.example.Customer - Logging from Customer class
2025-01-18 20:18:27 [main] INFO  org.example.Bank - Created account: Account [accountId=A001, balance=1000.0, customer=Customer [name=John Doe, id=C001]]
2025-01-18 20:18:27 [main] INFO  org.example.Account - Logging from Account class
2025-01-18 20:18:27 [main] INFO  org.example.Customer - Logging from Customer class
2025-01-18 20:18:27 [main] INFO  org.example.Bank - Final account state: Account [accountId=A001, balance=1000.0, customer=Customer [name=John Doe, id=C001]]
2025-01-19 14:12:18 [main] INFO  org.example.Bank - Starting Bank application
2025-01-19 14:12:18 [main] INFO  org.example.Customer - Logging from Customer class
2025-01-19 14:12:18 [main] INFO  org.example.Bank - Created customer: Customer [name=John Doe, id=C001]
2025-01-19 14:12:18 [main] INFO  org.example.Account - Logging from Account class
2025-01-19 14:12:18 [main] INFO  org.example.Customer - Logging from Customer class
2025-01-19 14:12:18 [main] INFO  org.example.Bank - Created account: Account [accountId=A001, balance=1000.0, customer=Customer [name=John Doe, id=C001]]
2025-01-19 14:12:18 [main] INFO  org.example.Account - Logging from Account class
2025-01-19 14:12:18 [main] INFO  org.example.Customer - Logging from Customer class
2025-01-19 14:12:18 [main] INFO  org.example.Bank - Final account state: Account [accountId=A001, balance=1000.0, customer=Customer [name=John Doe, id=C001]]
2025-01-19 14:15:25 [main] INFO  org.example.Shell - Starting Shell application
2025-01-19 14:17:45 [main] INFO  org.example.Account - Deposited 120.0 to account A001
2025-01-19 14:17:49 [main] INFO  org.example.Account - Logging from Account class
2025-01-19 14:17:49 [main] INFO  org.example.Customer - Logging from Customer class
2025-01-19 14:20:41 [main] INFO  org.example.Shell - Starting Shell application
2025-01-19 14:20:53 [main] INFO  org.example.Account - Logging from Account class
2025-01-19 14:20:53 [main] INFO  org.example.Customer - Logging from Customer class
2025-01-19 14:21:00 [main] INFO  org.example.Account - Deposited 2000.0 to account A001
2025-01-19 14:21:04 [main] INFO  org.example.Account - Logging from Account class
2025-01-19 14:21:04 [main] INFO  org.example.Customer - Logging from Customer class
2025-01-19 14:21:28 [main] INFO  org.example.Account - Withdrew 230.0 from account A001
2025-01-19 14:21:31 [main] INFO  org.example.Account - Logging from Account class
2025-01-19 14:21:31 [main] INFO  org.example.Customer - Logging from Customer class
2025-01-19 14:29:44 [main] INFO  org.example.Bank - Starting Bank application
2025-01-19 14:29:44 [main] INFO  org.example.Customer - Logging from Customer class
2025-01-19 14:29:44 [main] INFO  org.example.Bank - Created customer: Customer [name=John Doe, id=C001]
2025-01-19 14:29:44 [main] INFO  org.example.Account - Logging from Account class
2025-01-19 14:29:44 [main] INFO  org.example.Customer - Logging from Customer class
2025-01-19 14:29:44 [main] INFO  org.example.Bank - Created account: Account [accountId=A001, balance=1000.0, customer=Customer [name=John Doe, id=C001]]
2025-01-19 14:29:44 [main] INFO  org.example.Account - Logging from Account class
2025-01-19 14:29:44 [main] INFO  org.example.Customer - Logging from Customer class
2025-01-19 14:29:44 [main] INFO  org.example.Bank - Final account state: Account [accountId=A001, balance=1000.0, customer=Customer [name=John Doe, id=C001]]
2025-01-19 14:40:14 [main] INFO  org.example.Bank - Starting Bank application
2025-01-19 14:40:14 [main] INFO  org.example.Customer - Logging from Customer class
2025-01-19 14:40:14 [main] INFO  org.example.Bank - Created customer: Customer [name=John Doe, id=C001]
2025-01-19 14:40:14 [main] INFO  org.example.Account - Logging from Account class
2025-01-19 14:40:14 [main] INFO  org.example.Customer - Logging from Customer class
2025-01-19 14:40:14 [main] INFO  org.example.Bank - Created account: Account [accountId=A001, balance=1000.0, customer=Customer [name=John Doe, id=C001]]
2025-01-19 14:40:14 [main] INFO  org.example.Account - Logging from Account class
2025-01-19 14:40:14 [main] INFO  org.example.Customer - Logging from Customer class
2025-01-19 14:40:14 [main] INFO  org.example.Bank - Final account state: Account [accountId=A001, balance=1000.0, customer=Customer [name=John Doe, id=C001]]
2025-01-19 14:40:30 [main] INFO  org.example.Shell - Starting Shell application
2025-01-19 16:23:32 [main] INFO  org.example.Account - Logging from Account class
2025-01-19 16:23:32 [main] INFO  org.example.Customer - Logging from Customer class
2025-01-19 16:23:42 [main] INFO  org.example.Account - Deposited 120000.0 to account A001
2025-01-19 16:23:44 [main] INFO  org.example.Account - Logging from Account class
2025-01-19 16:23:44 [main] INFO  org.example.Customer - Logging from Customer class
2025-01-19 16:23:58 [main] INFO  org.example.Account - Withdrew 12000.0 from account A001
2025-01-19 16:23:59 [main] INFO  org.example.Account - Logging from Account class
2025-01-19 16:23:59 [main] INFO  org.example.Customer - Logging from Customer class
2025-01-19 16:24:06 [main] INFO  org.example.Shell - Exiting Shell application
2025-01-19 16:28:28 [main] INFO  org.example.Shell - Starting Shell application
2025-01-19 16:34:35 [main] INFO  org.example.Shell - Starting Shell application
2025-01-19 16:37:56 [main] INFO  org.example.Shell - Starting Shell application
2025-01-19 16:39:04 [main] INFO  org.example.Shell - Starting Shell application
2025-01-19 16:40:58 [main] INFO  org.example.Shell - Starting Shell application
2025-01-19 16:42:28 [main] INFO  org.example.Account - Logging from Account class
2025-01-19 16:42:28 [main] INFO  org.example.Customer - Logging from Customer class
2025-01-19 16:48:33 [main] INFO  org.example.Shell - Starting Shell application
2025-01-19 16:51:15 [main] INFO  org.example.Shell - Starting Shell application
2025-01-19 16:52:36 [main] INFO  org.example.Shell - Starting Shell application
2025-01-19 16:56:01 [main] INFO  org.example.Shell - Starting Shell application
2025-01-19 16:56:54 [main] INFO  org.example.Shell - Starting Shell application
2025-01-19 17:04:59 [main] INFO  org.example.Shell - Starting Shell application
2025-01-19 17:09:27 [main] INFO  org.example.Shell - Starting Shell application
2025-01-19 17:11:09 [main] INFO  org.example.Shell - Starting Shell application
2025-01-19 17:15:03 [main] INFO  org.example.Shell - Starting Shell application
2025-01-19 17:17:05 [main] INFO  org.example.Shell - Starting Shell application
2025-01-19 17:17:57 [main] INFO  org.example.Account - Logging from Account class
2025-01-19 17:17:57 [main] INFO  org.example.Customer - Logging from Customer class
2025-01-19 17:18:26 [main] INFO  org.example.Shell - Starting Shell application
2025-01-19 17:18:29 [main] INFO  org.example.Account - Logging from Account class
2025-01-19 17:18:29 [main] INFO  org.example.Customer - Logging from Customer class
2025-01-19 17:19:06 [main] INFO  org.example.Account - Logging from Account class
2025-01-19 17:19:06 [main] INFO  org.example.Customer - Logging from Customer class
2025-01-19 17:33:00 [main] INFO  org.example.Shell - Starting Shell application
2025-01-19 17:34:13 [main] WARN  org.example.Account - Attempted to withdraw an invalid amount
2025-01-19 17:34:20 [main] INFO  org.example.Account - Logging from Account class
2025-01-19 17:34:20 [main] INFO  org.example.Customer - Logging from Customer class
2025-01-19 17:39:16 [main] INFO  org.example.Shell - Starting Shell application
2025-01-19 17:40:38 [main] INFO  org.example.Account - Logging from Account class
2025-01-19 17:40:38 [main] INFO  org.example.Customer - Logging from Customer class
2025-01-19 17:45:09 [main] INFO  org.example.Shell - Starting Shell application
2025-01-19 17:45:09 [main] INFO  org.example.Customer - Customer created: Customer [name=John Doe, id=C001]
2025-01-19 17:45:09 [main] INFO  org.example.Customer - Customer created: Customer [name=Jane Smith, id=C002]
2025-01-19 17:46:12 [main] INFO  org.example.Shell - Starting Shell application
2025-01-19 17:46:12 [main] INFO  org.example.Customer - Customer created: Customer [name=John Doe, id=C001]
2025-01-19 17:46:12 [main] INFO  org.example.Customer - Customer created: Customer [name=Jane Smith, id=C002]
2025-01-19 17:46:29 [main] INFO  org.example.Account - Deposited 1234.0 to account A001
2025-01-19 17:46:32 [main] INFO  org.example.Account - Logging from Account class
2025-01-19 17:47:28 [main] INFO  org.example.Shell - Starting Shell application
